proguard/seeds.txt
com.example.android_service.AnimationActy
com.example.android_service.AnimationActy: AnimationActy()
com.example.android_service.LinedEditText
com.example.android_service.LinedEditText: LinedEditText(android.content.Context)
com.example.android_service.LinedEditText: LinedEditText(android.content.Context,android.util.AttributeSet)
com.example.android_service.LocalService
com.example.android_service.LocalService: LocalService()
com.example.android_service.MyNotification
com.example.android_service.MyNotification: MyNotification()
com.example.android_service.PullToRefreshListView
com.example.android_service.PullToRefreshListView: PullToRefreshListView(android.content.Context,android.util.AttributeSet)
com.example.android_service.PullToRefreshListView: PullToRefreshListView(android.content.Context,android.util.AttributeSet,int)
com.example.android_service.PullToRefreshListView: void setOnRefreshListener(com.example.android_service.PullToRefreshListView$OnRefreshListener)
com.example.android_service.PulltoflushTest
com.example.android_service.PulltoflushTest: PulltoflushTest()
com.example.android_service.R$anim
com.example.android_service.R$anim: int loading
com.example.android_service.R$anim: int scale
com.example.android_service.R$anim: int umeng_socialize_fade_in
com.example.android_service.R$anim: int umeng_socialize_fade_out
com.example.android_service.R$anim: int umeng_socialize_shareboard_animation_in
com.example.android_service.R$anim: int umeng_socialize_shareboard_animation_out
com.example.android_service.R$anim: int umeng_socialize_slide_in_from_bottom
com.example.android_service.R$anim: int umeng_socialize_slide_out_from_bottom
com.example.android_service.R$attr
com.example.android_service.R$color
com.example.android_service.R$color: int author_text
com.example.android_service.R$color: int black
com.example.android_service.R$color: int blue
com.example.android_service.R$color: int bright_foreground_light
com.example.android_service.R$color: int bright_foreground_light_disabled
com.example.android_service.R$color: int bright_foreground_light_inverse
com.example.android_service.R$color: int dim_foreground_light
com.example.android_service.R$color: int dim_foreground_light_disabled
com.example.android_service.R$color: int dim_foreground_light_inverse
com.example.android_service.R$color: int dim_foreground_light_inverse_disabled
com.example.android_service.R$color: int face_bg
com.example.android_service.R$color: int frame_button_text_nor
com.example.android_service.R$color: int frame_button_text_select
com.example.android_service.R$color: int full_transparent
com.example.android_service.R$color: int gold
com.example.android_service.R$color: int gray
com.example.android_service.R$color: int grayslate
com.example.android_service.R$color: int graywhite
com.example.android_service.R$color: int green
com.example.android_service.R$color: int half_transparent
com.example.android_service.R$color: int head_text
com.example.android_service.R$color: int lemonyellow
com.example.android_service.R$color: int lightblue
com.example.android_service.R$color: int listitem_black
com.example.android_service.R$color: int listitem_blue
com.example.android_service.R$dimen
com.example.android_service.R$dimen: int activity_horizontal_margin
com.example.android_service.R$dimen: int activity_vertical_margin
com.example.android_service.R$dimen: int alphabet_size
com.example.android_service.R$dimen: int umeng_socialize_pad_window_height
com.example.android_service.R$dimen: int umeng_socialize_pad_window_width
...
com.umeng.socialize.view.abs.o
com.umeng.socialize.view.abs.o: com.umeng.socialize.view.abs.g a
com.umeng.socialize.view.abs.o: o(com.umeng.socialize.view.abs.g)
com.umeng.socialize.view.abs.o: boolean onTouch(android.view.View,android.view.MotionEvent)
com.umeng.socialize.view.abs.p
com.umeng.socialize.view.abs.p: com.umeng.socialize.view.abs.g a
com.umeng.socialize.view.abs.p: android.os.Handler b
com.umeng.socialize.view.abs.p: p(com.umeng.socialize.view.abs.g,android.os.Handler)
com.umeng.socialize.view.abs.p: void onClick(android.view.View)
com.umeng.socialize.view.abs.p: com.umeng.socialize.view.abs.g a(com.umeng.socialize.view.abs.p)
com.umeng.socialize.view.abs.q
com.umeng.socialize.view.abs.q: com.umeng.socialize.view.abs.p a
com.umeng.socialize.view.abs.q: q(com.umeng.socialize.view.abs.p)
com.umeng.socialize.view.abs.q: void run()
com.umeng.socialize.view.abs.r
com.umeng.socialize.view.abs.r: com.umeng.socialize.view.abs.g a
com.umeng.socialize.view.abs.r: r(com.umeng.socialize.view.abs.g)
com.umeng.socialize.view.abs.r: boolean onTouch(android.view.View,android.view.MotionEvent)
com.umeng.socialize.view.abs.s
com.umeng.socialize.view.abs.s: int i
com.umeng.socialize.view.abs.s: int j
com.umeng.socialize.view.abs.s: byte[] a
com.umeng.socialize.view.abs.s: android.graphics.Bitmap b
com.umeng.socialize.view.abs.s: android.view.View$OnClickListener c
com.umeng.socialize.view.abs.s: s()
com.umeng.socialize.view.abs.s: void onCreate(android.os.Bundle)
com.umeng.socialize.view.abs.s: void b()
com.umeng.socialize.view.abs.s: void c()
com.umeng.socialize.view.abs.s: void onActivityResult(int,int,android.content.Intent)
com.umeng.socialize.view.abs.s: void e()
com.umeng.socialize.view.abs.s: void a(android.graphics.Bitmap)
com.umeng.socialize.view.abs.s: void a()
com.umeng.socialize.view.abs.s: byte[] getImageBytes()
com.umeng.socialize.view.abs.s: void setImageBytes(byte[])
com.umeng.socialize.view.abs.s: android.graphics.Bitmap getPreviewImg()
com.umeng.socialize.view.abs.s: void setPreviewImg(android.graphics.Bitmap)
com.umeng.socialize.view.abs.s: android.view.View$OnClickListener getReceiveImageClick()
com.umeng.socialize.view.abs.s: void a(com.umeng.socialize.view.abs.s)
com.umeng.socialize.view.abs.s: void b(com.umeng.socialize.view.abs.s)
com.umeng.socialize.view.abs.t
com.umeng.socialize.view.abs.t: com.umeng.socialize.view.abs.s a
com.umeng.socialize.view.abs.t: t(com.umeng.socialize.view.abs.s)
com.umeng.socialize.view.abs.t: void onClick(android.view.View)
com.umeng.socialize.view.abs.u
com.umeng.socialize.view.abs.u: com.umeng.socialize.view.abs.s a
com.umeng.socialize.view.abs.u: u(com.umeng.socialize.view.abs.s)
com.umeng.socialize.view.abs.u: void onClick(android.content.DialogInterface,int)
com.umeng.socialize.view.abs.v
com.umeng.socialize.view.abs.v: com.umeng.socialize.view.abs.s a
com.umeng.socialize.view.abs.v: v(com.umeng.socialize.view.abs.s)
com.umeng.socialize.view.abs.v: void onClick(android.content.DialogInterface,int)
com.umeng.socialize.view.abs.w
com.umeng.socialize.view.abs.w: com.umeng.socialize.view.abs.s a
com.umeng.socialize.view.abs.w: w(com.umeng.socialize.view.abs.s)
com.umeng.socialize.view.abs.w: void onClick(android.content.DialogInterface,int)
com.umeng.socialize.view.abs.x
com.umeng.socialize.view.abs.x: com.umeng.socialize.view.abs.SocialPopupDialog a
com.umeng.socialize.view.abs.x: x(com.umeng.socialize.view.abs.SocialPopupDialog)
com.umeng.socialize.view.abs.x: boolean onTouch(android.view.View,android.view.MotionEvent)
com.umeng.socialize.view.abs.y
com.umeng.socialize.view.abs.y: com.umeng.socialize.view.abs.SocializeBaseView a
com.umeng.socialize.view.abs.y: y(com.umeng.socialize.view.abs.SocializeBaseView)
com.umeng.socialize.view.abs.y: void a(com.umeng.socialize.exception.SocializeException)
com.umeng.socialize.view.abs.y: void a(android.content.Context,com.umeng.socialize.controller.UMSocialService)