proguard/mapping.txt
com.example.android_service.AnimationActy -> com.example.android_service.AnimationActy:
    android.view.View btn -> a
    void onCreate(android.os.Bundle) -> onCreate
    android.view.View access$0(com.example.android_service.AnimationActy) -> a
com.example.android_service.AnimationActy$1 -> com.example.android_service.a:
    com.example.android_service.AnimationActy this$0 -> a
    android.view.animation.Animation val$animation -> b
    void onClick(android.view.View) -> onClick
com.example.android_service.JSONParse -> com.example.android_service.b:
    java.lang.String get() -> a
com.example.android_service.LinedEditText -> com.example.android_service.LinedEditText:
    android.graphics.Paint linePaint -> a
    float margin -> b
    int paperColor -> c
    void onDraw(android.graphics.Canvas) -> onDraw
com.example.android_service.LocalService -> com.example.android_service.LocalService:
    int i -> b
    com.example.android_service.LocalService$MyBinder myBinder -> a
    android.os.IBinder onBind(android.content.Intent) -> onBind
    void onCreate() -> onCreate
    int onStartCommand(android.content.Intent,int,int) -> onStartCommand
com.example.android_service.LocalService$1 -> com.example.android_service.c:
    com.example.android_service.LocalService this$0 -> a
    void handleMessage(android.os.Message) -> handleMessage
com.example.android_service.LocalService$MyBinder -> com.example.android_service.d:
    com.example.android_service.LocalService this$0 -> a
    void show() -> a
com.example.android_service.MyNotification -> com.example.android_service.MyNotification:
    android.view.View send -> a
    void onCreate(android.os.Bundle) -> onCreate
com.example.android_service.MyNotification$1 -> com.example.android_service.e:
    com.example.android_service.MyNotification this$0 -> a
    void onClick(android.view.View) -> onClick
com.example.android_service.MyNotification$1$1 -> com.example.android_service.f:
    com.example.android_service.MyNotification$1 this$1 -> a
    com.example.widget.BaseNotification val$n -> b
    void run() -> run
com.example.android_service.PullToRefreshListView -> com.example.android_service.PullToRefreshListView:
    android.view.LayoutInflater inflater -> b
    android.widget.LinearLayout headView -> c
    android.widget.TextView tipsTextview -> d
    android.widget.TextView lastUpdatedTextView -> e
    android.widget.ImageView arrowImageView -> f
    android.widget.ProgressBar progressBar -> g
    android.view.animation.RotateAnimation animation -> h
    android.view.animation.RotateAnimation reverseAnimation -> i
    boolean isRecored -> j
    int headContentWidth -> k
    int headContentHeight -> l
    int headContentOriginalTopPadding -> m
    int startY -> n
    int firstItemIndex -> o
    int currentScrollState -> p
    int state -> q
    boolean isBack -> r
    com.example.android_service.PullToRefreshListView$OnRefreshListener refreshListener -> a
    void init(android.content.Context) -> a
    void onScroll(android.widget.AbsListView,int,int,int) -> onScroll
    void onScrollStateChanged(android.widget.AbsListView,int) -> onScrollStateChanged
    boolean onTouchEvent(android.view.MotionEvent) -> onTouchEvent
    void changeHeaderViewByState() -> c
    void clickRefresh() -> a
    void setOnRefreshListener(com.example.android_service.PullToRefreshListView$OnRefreshListener) -> setOnRefreshListener
    void onRefreshComplete() -> b
    void onRefresh() -> d
    void measureView(android.view.View) -> a
com.example.android_service.PullToRefreshListView$OnRefreshListener -> com.example.android_service.g:
    void onRefresh() -> a
com.example.android_service.PulltoflushTest -> com.example.android_service.PulltoflushTest:
    com.example.android_service.PullToRefreshListView lv -> a
    void onCreate(android.os.Bundle) -> onCreate
    com.example.android_service.PullToRefreshListView access$0(com.example.android_service.PulltoflushTest) -> a
...
com.umeng.socialize.bean.aa -> com.umeng.socialize.bean.aa:
    java.lang.String toString() -> toString
com.umeng.socialize.bean.ab -> com.umeng.socialize.bean.ab:
    java.lang.String toString() -> toString
com.umeng.socialize.bean.ac -> com.umeng.socialize.bean.ac:
    java.lang.String mKeyword -> mKeyword
    java.lang.String mShowWord -> mShowWord
    int mIcon -> mIcon
    int mGrayIcon -> mGrayIcon
    boolean mOauth -> mOauth
    boolean mBind -> mBind
    java.lang.String mUsid -> mUsid
    com.umeng.socialize.bean.SnsAccount mAccount -> mAccount
    int mIndex -> mIndex
    java.lang.String a -> a
    java.lang.String getEntityDescriptor() -> getEntityDescriptor
    void setEntityDescriptor(java.lang.String) -> setEntityDescriptor
com.umeng.socialize.bean.ad -> com.umeng.socialize.bean.ad:
    com.umeng.socialize.bean.UMComment a(android.os.Parcel) -> a
    com.umeng.socialize.bean.UMComment[] a(int) -> a
    java.lang.Object createFromParcel(android.os.Parcel) -> createFromParcel
    java.lang.Object[] newArray(int) -> newArray
com.umeng.socialize.bean.ae -> com.umeng.socialize.bean.ae:
    com.umeng.socialize.bean.UMLocation a(android.os.Parcel) -> a
    com.umeng.socialize.bean.UMLocation[] a(int) -> a
    java.lang.Object createFromParcel(android.os.Parcel) -> createFromParcel
    java.lang.Object[] newArray(int) -> newArray
com.umeng.socialize.bean.af -> com.umeng.socialize.bean.af:
    com.umeng.socialize.bean.UMShareMsg a(android.os.Parcel) -> a
    com.umeng.socialize.bean.UMShareMsg[] a(int) -> a
    java.lang.Object createFromParcel(android.os.Parcel) -> createFromParcel
    java.lang.Object[] newArray(int) -> newArray
com.umeng.socialize.bean.b -> com.umeng.socialize.bean.b:
    java.lang.String toString() -> toString
com.umeng.socialize.bean.c -> com.umeng.socialize.bean.c:
    java.lang.String toString() -> toString
com.umeng.socialize.bean.d -> com.umeng.socialize.bean.d:
    java.lang.String toString() -> toString
com.umeng.socialize.bean.e -> com.umeng.socialize.bean.e:
    java.lang.String toString() -> toString
com.umeng.socialize.bean.f -> com.umeng.socialize.bean.f:
    java.lang.String toString() -> toString
com.umeng.socialize.bean.g -> com.umeng.socialize.bean.g:
    java.lang.String toString() -> toString
com.umeng.socialize.bean.h -> com.umeng.socialize.bean.h:
    java.lang.String toString() -> toString
com.umeng.socialize.bean.i -> com.umeng.socialize.bean.i:
    com.umeng.socialize.bean.BaseMsg a(android.os.Parcel) -> a
    com.umeng.socialize.bean.BaseMsg[] a(int) -> a
    java.lang.Object createFromParcel(android.os.Parcel) -> createFromParcel
    java.lang.Object[] newArray(int) -> newArray
com.umeng.socialize.bean.j -> com.umeng.socialize.bean.j:
    java.lang.String toString() -> toString
com.umeng.socialize.bean.k -> com.umeng.socialize.bean.k:
    java.lang.String toString() -> toString
com.umeng.socialize.bean.l -> com.umeng.socialize.bean.l:
    java.lang.String toString() -> toString
com.umeng.socialize.bean.m -> com.umeng.socialize.bean.m:
    java.lang.String toString() -> toString
com.umeng.socialize.bean.n -> com.umeng.socialize.bean.n:
    com.umeng.socialize.bean.QQShareMsg a(android.os.Parcel) -> a
    com.umeng.socialize.bean.QQShareMsg[] a(int) -> a
    java.lang.Object createFromParcel(android.os.Parcel) -> createFromParcel
    java.lang.Object[] newArray(int) -> newArray
com.umeng.socialize.bean.o -> com.umeng.socialize.bean.o:
    java.lang.String toString() -> toString
com.umeng.socialize.bean.p -> com.umeng.socialize.bean.p:
    java.lang.String toString() -> toString
com.umeng.socialize.bean.q -> com.umeng.socialize.bean.q:
    java.lang.String toString() -> toString
com.umeng.socialize.bean.r -> com.umeng.socialize.bean.r:
    java.lang.String toString() -> toString
com.umeng.socialize.bean.s -> com.umeng.socialize.bean.s:
    java.lang.String toString() -> toString