proguard/usage.txt
com.example.android_service.BuildConfig
com.example.android_service.JSONParse:
    14:14:public JSONParse()
com.example.android_service.PullToRefreshListView:
    private static final java.lang.String TAG
    private static final int PULL_To_REFRESH
    private static final int RELEASE_To_REFRESH
    private static final int REFRESHING
    private static final int DONE
    319:321:public void onRefreshComplete(java.lang.String)
com.example.android_service.PulltoflushTest:
    private android.view.View foot
com.example.android_service.R:
    10:10:public R()
com.example.android_service.ServiceMainActivity:
    private static final java.lang.String Action
com.example.android_service.Temp
com.example.android_service.TweetAPI:
    private java.lang.String account
    private java.lang.String psw
    39:42:public TweetAPI(java.lang.String,java.lang.String)
    48:52:private org.apache.http.impl.client.DefaultHttpClient getDefaultHttpClient()
    62:66:private java.util.List getValuePair(java.util.Map)
    77:97:private java.lang.String post(java.util.Map,java.lang.String)
    109:144:private java.lang.String get(java.util.Map,java.lang.String)
    159:162:private java.lang.String request(java.lang.String,java.util.Map,java.lang.String)
    180:185:public java.lang.String regist(java.lang.String,java.lang.String,java.lang.String,java.lang.String)
    198:201:public java.lang.String login(java.lang.String,java.lang.String)
    216:220:public java.lang.String reSetPsw(java.lang.String,java.lang.String,long)
    229:229:public java.lang.String getTopicList()
    242:245:public java.lang.String getTopic(java.lang.String,java.lang.String)
    265:271:public java.lang.String compose(java.lang.String,java.lang.String,java.lang.String,java.lang.String,java.lang.String)
    293:300:public java.lang.String comment(java.lang.String,java.lang.String,java.lang.String,java.lang.String,java.lang.String,java.lang.String)
    313:316:public java.lang.String getComment(java.lang.String,java.lang.String)
    324:324:public java.lang.String getCurrent()
com.example.android_service.UmengSDK:
    28:29:private void toast(java.lang.String)
    63:86:private void postshare()
    90:111:private void directShare()
com.example.android_service.UmengSDK$2
com.example.android_service.UmengSDK$3
...
android.support.v4.app.TaskStackBuilder$TaskStackBuilderImplBase
android.support.v4.app.TaskStackBuilder$TaskStackBuilderImplHoneycomb
android.support.v4.app.TaskStackBuilder$TaskStackBuilderImplJellybean
android.support.v4.app.TaskStackBuilderHoneycomb
android.support.v4.app.TaskStackBuilderJellybean
android.support.v4.content.AsyncTaskLoader
android.support.v4.content.AsyncTaskLoader$LoadTask
android.support.v4.content.ContextCompat
android.support.v4.content.ContextCompatHoneycomb
android.support.v4.content.ContextCompatJellybean
android.support.v4.content.CursorLoader
android.support.v4.content.FileProvider
android.support.v4.content.FileProvider$PathStrategy
android.support.v4.content.FileProvider$SimplePathStrategy
android.support.v4.content.IntentCompat
android.support.v4.content.IntentCompat$IntentCompatImpl
android.support.v4.content.IntentCompat$IntentCompatImplBase
android.support.v4.content.IntentCompat$IntentCompatImplHC
android.support.v4.content.IntentCompat$IntentCompatImplIcsMr1
android.support.v4.content.IntentCompatHoneycomb
android.support.v4.content.IntentCompatIcsMr1
android.support.v4.content.Loader:
    android.content.Context mContext
    91:93:public Loader(android.content.Context)
    103:106:public void deliverResult(java.lang.Object)
    112:112:public android.content.Context getContext()
    119:119:public int getId()
    158:158:public boolean isStarted()
    167:167:public boolean isAbandoned()
    176:176:public boolean isReset()
    218:219:public void forceLoad()
    226:226:protected void onForceLoad()
    262:264:public void abandon()
    276:276:protected void onAbandon()
    314:317:public boolean takeContentChanged()
    328:329:public void commitContentChanged()
    339:342:public void rollbackContentChanged()
    353:361:public void onContentChanged()
android.support.v4.content.Loader$ForceLoadContentObserver
android.support.v4.content.Loader$OnLoadCompleteListener:
    public abstract void onLoadComplete(android.support.v4.content.Loader,java.lang.Object)
android.support.v4.content.LocalBroadcastManager
android.support.v4.content.LocalBroadcastManager$1
android.support.v4.content.LocalBroadcastManager$BroadcastRecord
android.support.v4.content.LocalBroadcastManager$ReceiverRecord
android.support.v4.content.ModernAsyncTask
android.support.v4.content.ModernAsyncTask$1
android.support.v4.content.ModernAsyncTask$2
android.support.v4.content.ModernAsyncTask$3
android.support.v4.content.ModernAsyncTask$4
android.support.v4.content.ModernAsyncTask$AsyncTaskResult
android.support.v4.content.ModernAsyncTask$InternalHandler
android.support.v4.content.ModernAsyncTask$Status
android.support.v4.content.ModernAsyncTask$WorkerRunnable
android.support.v4.content.WakefulBroadcastReceiver
android.support.v4.content.pm.ActivityInfoCompat
android.support.v4.database.DatabaseUtilsCompat
android.support.v4.graphics.drawable.DrawableCompat
android.support.v4.graphics.drawable.DrawableCompat$BaseDrawableImpl
android.support.v4.graphics.drawable.DrawableCompat$DrawableImpl
android.support.v4.graphics.drawable.DrawableCompat$HoneycombDrawableImpl
android.support.v4.graphics.drawable.DrawableCompatHoneycomb
android.support.v4.hardware.display.DisplayManagerCompat
android.support.v4.hardware.display.DisplayManagerCompat$JellybeanMr1Impl
android.support.v4.hardware.display.DisplayManagerCompat$LegacyImpl
android.support.v4.hardware.display.DisplayManagerJellybeanMr1
android.support.v4.internal.view.SupportMenu
android.support.v4.internal.view.SupportMenuItem
android.support.v4.internal.view.SupportSubMenu
android.support.v4.media.TransportController
android.support.v4.media.TransportMediator
android.support.v4.media.TransportMediator$1
android.support.v4.media.TransportMediator$2
android.support.v4.media.TransportMediatorCallback
android.support.v4.media.TransportMediatorJellybeanMR2
android.support.v4.media.TransportMediatorJellybeanMR2$1
android.support.v4.media.TransportMediatorJellybeanMR2$2